{"uuid":"2ae5c949-3aa0-4549-b5d9-fcc9f9dedbeb","historyId":"655e893f89400908a25efd0bc7461c18","fullName":"com.hostaway.tests.FiltersFormTests.testAmenitiesCheckboxes","labels":[{"name":"package","value":"com.hostaway.tests.FiltersFormTests"},{"name":"testClass","value":"com.hostaway.tests.FiltersFormTests"},{"name":"testMethod","value":"testAmenitiesCheckboxes"},{"name":"parentSuite","value":"Default Suite"},{"name":"suite","value":"Technical_Assignment_DR"},{"name":"subSuite","value":"com.hostaway.tests.FiltersFormTests"},{"name":"host","value":"Damians-MacBook-Pro-2.local"},{"name":"thread","value":"1964@Damians-MacBook-Pro-2.local.main(1)"},{"name":"framework","value":"testng"},{"name":"language","value":"java"},{"name":"story","value":"Validate amenities checkboxes"},{"name":"epic","value":"Filters Functionality"},{"name":"feature","value":"Filters Form"}],"links":[],"name":"testAmenitiesCheckboxes","status":"failed","statusDetails":{"known":false,"muted":false,"flaky":false,"message":"Invalid element state [By.xpath: //span[contains(text(), 'Beach front')]/preceding-sibling::input]: element click intercepted: Element <input id=\"id\" type=\"checkbox\" class=\"sc-cbeScs edEwoZ\"> is not clickable at point (716, 632). Other element would receive the click: <input id=\"id\" type=\"checkbox\" class=\"sc-cbeScs edEwoZ\">\nScreenshot: file:/Users/damianrudzki/Projects/Hostaway/Technical_Assignment_DR/build/reports/tests/1684416498593.0.png\nPage source: file:/Users/damianrudzki/Projects/Hostaway/Technical_Assignment_DR/build/reports/tests/1684416498593.0.html\nTimeout: 4 s.\nCaused by: ElementClickInterceptedException: element click intercepted: Element <input id=\"id\" type=\"checkbox\" class=\"sc-cbeScs edEwoZ\"> is not clickable at point (716, 632). Other element would receive the click: <input id=\"id\" type=\"checkbox\" class=\"sc-cbeScs edEwoZ\">","trace":"Invalid element state [By.xpath: //span[contains(text(), 'Beach front')]/preceding-sibling::input]: element click intercepted: Element <input id=\"id\" type=\"checkbox\" class=\"sc-cbeScs edEwoZ\"> is not clickable at point (716, 632). Other element would receive the click: <input id=\"id\" type=\"checkbox\" class=\"sc-cbeScs edEwoZ\">\nScreenshot: file:/Users/damianrudzki/Projects/Hostaway/Technical_Assignment_DR/build/reports/tests/1684416498593.0.png\nPage source: file:/Users/damianrudzki/Projects/Hostaway/Technical_Assignment_DR/build/reports/tests/1684416498593.0.html\nTimeout: 4 s.\nCaused by: ElementClickInterceptedException: element click intercepted: Element <input id=\"id\" type=\"checkbox\" class=\"sc-cbeScs edEwoZ\"> is not clickable at point (716, 632). Other element would receive the click: <input id=\"id\" type=\"checkbox\" class=\"sc-cbeScs edEwoZ\">\n\tat com.codeborne.selenide.impl.ExceptionWrapper.wrap(ExceptionWrapper.java:26)\n\tat com.codeborne.selenide.impl.SelenideElementProxy.dispatchAndRetry(SelenideElementProxy.java:154)\n\tat com.codeborne.selenide.impl.SelenideElementProxy.invoke(SelenideElementProxy.java:84)\n\tat com.sun.proxy.$Proxy21.click(Unknown Source)\n\tat com.hostaway.pages.FiltersPage.selectAmenity(FiltersPage.java:118)\n\tat com.hostaway.tests.FiltersFormTests.testAmenitiesCheckboxes(FiltersFormTests.java:106)\n\tat java.base/jdk.internal.reflect.NativeMethodAccessorImpl.invoke0(Native Method)\n\tat java.base/jdk.internal.reflect.NativeMethodAccessorImpl.invoke(NativeMethodAccessorImpl.java:62)\n\tat java.base/jdk.internal.reflect.DelegatingMethodAccessorImpl.invoke(DelegatingMethodAccessorImpl.java:43)\n\tat java.base/java.lang.reflect.Method.invoke(Method.java:566)\n\tat org.testng.internal.invokers.MethodInvocationHelper.invokeMethod(MethodInvocationHelper.java:139)\n\tat org.testng.internal.invokers.TestInvoker.invokeMethod(TestInvoker.java:677)\n\tat org.testng.internal.invokers.TestInvoker.invokeTestMethod(TestInvoker.java:221)\n\tat org.testng.internal.invokers.MethodRunner.runInSequence(MethodRunner.java:50)\n\tat org.testng.internal.invokers.TestInvoker$MethodInvocationAgent.invoke(TestInvoker.java:969)\n\tat org.testng.internal.invokers.TestInvoker.invokeTestMethods(TestInvoker.java:194)\n\tat org.testng.internal.invokers.TestMethodWorker.invokeTestMethods(TestMethodWorker.java:148)\n\tat org.testng.internal.invokers.TestMethodWorker.run(TestMethodWorker.java:128)\n\tat java.base/java.util.ArrayList.forEach(ArrayList.java:1541)\n\tat org.testng.TestRunner.privateRun(TestRunner.java:829)\n\tat org.testng.TestRunner.run(TestRunner.java:602)\n\tat org.testng.SuiteRunner.runTest(SuiteRunner.java:437)\n\tat org.testng.SuiteRunner.runSequentially(SuiteRunner.java:431)\n\tat org.testng.SuiteRunner.privateRun(SuiteRunner.java:391)\n\tat org.testng.SuiteRunner.run(SuiteRunner.java:330)\n\tat org.testng.SuiteRunnerWorker.runSuite(SuiteRunnerWorker.java:52)\n\tat org.testng.SuiteRunnerWorker.run(SuiteRunnerWorker.java:95)\n\tat org.testng.TestNG.runSuitesSequentially(TestNG.java:1256)\n\tat org.testng.TestNG.runSuitesLocally(TestNG.java:1176)\n\tat org.testng.TestNG.runSuites(TestNG.java:1099)\n\tat org.testng.TestNG.run(TestNG.java:1067)\n\tat com.intellij.rt.testng.IDEARemoteTestNG.run(IDEARemoteTestNG.java:66)\n\tat com.intellij.rt.testng.RemoteTestNGStarter.main(RemoteTestNGStarter.java:109)\nCaused by: org.openqa.selenium.ElementClickInterceptedException: element click intercepted: Element <input id=\"id\" type=\"checkbox\" class=\"sc-cbeScs edEwoZ\"> is not clickable at point (716, 632). Other element would receive the click: <input id=\"id\" type=\"checkbox\" class=\"sc-cbeScs edEwoZ\">\n  (Session info: chrome=113.0.5672.126)\nBuild info: version: '4.9.1', revision: 'eb2032df7f'\nSystem info: os.name: 'Mac OS X', os.arch: 'x86_64', os.version: '12.6', java.version: '11.0.17'\nDriver info: org.openqa.selenium.chrome.ChromeDriver\nCommand: [a8f2d2833c4aaddb8dc74428b70a0bd1, clickElement {id=99288D7B8F9A75138ABB3126A13135A9_element_154}]\nCapabilities {acceptInsecureCerts: true, browserName: chrome, browserVersion: 113.0.5672.126, chrome: {chromedriverVersion: 113.0.5672.63 (0e1a4471d5ae..., userDataDir: /var/folders/g4/zt92gl1d10n...}, goog:chromeOptions: {debuggerAddress: localhost:52888}, networkConnectionEnabled: false, pageLoadStrategy: normal, platformName: mac, proxy: Proxy(), se:cdp: ws://localhost:52888/devtoo..., se:cdpVersion: 113.0.5672.126, setWindowRect: true, strictFileInteractability: false, timeouts: {implicit: 0, pageLoad: 300000, script: 30000}, unhandledPromptBehavior: accept, webauthn:extension:credBlob: true, webauthn:extension:largeBlob: true, webauthn:extension:minPinLength: true, webauthn:extension:prf: true, webauthn:virtualAuthenticators: true}\nElement: [[ChromeDriver: chrome on mac (a8f2d2833c4aaddb8dc74428b70a0bd1)] -> xpath: //span[contains(text(), 'Beach front')]/preceding-sibling::input]\nSession ID: a8f2d2833c4aaddb8dc74428b70a0bd1\n\tat java.base/jdk.internal.reflect.NativeConstructorAccessorImpl.newInstance0(Native Method)\n\tat java.base/jdk.internal.reflect.NativeConstructorAccessorImpl.newInstance(NativeConstructorAccessorImpl.java:62)\n\tat java.base/jdk.internal.reflect.DelegatingConstructorAccessorImpl.newInstance(DelegatingConstructorAccessorImpl.java:45)\n\tat java.base/java.lang.reflect.Constructor.newInstance(Constructor.java:490)\n\tat org.openqa.selenium.remote.codec.w3c.W3CHttpResponseCodec.createException(W3CHttpResponseCodec.java:200)\n\tat org.openqa.selenium.remote.codec.w3c.W3CHttpResponseCodec.decode(W3CHttpResponseCodec.java:133)\n\tat org.openqa.selenium.remote.codec.w3c.W3CHttpResponseCodec.decode(W3CHttpResponseCodec.java:53)\n\tat org.openqa.selenium.remote.HttpCommandExecutor.execute(HttpCommandExecutor.java:193)\n\tat org.openqa.selenium.remote.service.DriverCommandExecutor.invokeExecute(DriverCommandExecutor.java:183)\n\tat org.openqa.selenium.remote.service.DriverCommandExecutor.execute(DriverCommandExecutor.java:158)\n\tat org.openqa.selenium.remote.RemoteWebDriver.execute(RemoteWebDriver.java:543)\n\tat org.openqa.selenium.remote.RemoteWebElement.execute(RemoteWebElement.java:257)\n\tat org.openqa.selenium.remote.RemoteWebElement.click(RemoteWebElement.java:78)\n\tat com.codeborne.selenide.commands.Click.defaultClick(Click.java:97)\n\tat com.codeborne.selenide.commands.Click.click(Click.java:54)\n\tat com.codeborne.selenide.commands.Click.execute(Click.java:31)\n\tat com.codeborne.selenide.commands.Click.execute(Click.java:21)\n\tat com.codeborne.selenide.commands.Commands.execute(Commands.java:162)\n\tat com.codeborne.selenide.impl.SelenideElementProxy.dispatchAndRetry(SelenideElementProxy.java:132)\n\t... 31 more\n"},"stage":"finished","description":"This test verifies the functionality of the amenities checkboxes","steps":[],"attachments":[],"parameters":[],"start":1684416456510,"stop":1684416498992}