{"uuid":"f68feb2c-b645-4b3c-b9f0-0e7e896bb26a","historyId":"b4d2435476e743ad1a6779e76f190682","fullName":"com.hostaway.tests.FiltersFormTests.testPriceRange","labels":[{"name":"package","value":"com.hostaway.tests.FiltersFormTests"},{"name":"testClass","value":"com.hostaway.tests.FiltersFormTests"},{"name":"testMethod","value":"testPriceRange"},{"name":"parentSuite","value":"Default Suite"},{"name":"suite","value":"Technical_Assignment_DR"},{"name":"subSuite","value":"com.hostaway.tests.FiltersFormTests"},{"name":"host","value":"Damians-MacBook-Pro-2.local"},{"name":"thread","value":"5539@Damians-MacBook-Pro-2.local.main(1)"},{"name":"framework","value":"testng"},{"name":"language","value":"java"},{"name":"story","value":"Validate price range"},{"name":"epic","value":"Filters Functionality"},{"name":"feature","value":"Filters Form"}],"links":[],"name":"testPriceRange","status":"failed","statusDetails":{"known":false,"muted":false,"flaky":false,"message":"Invalid element state [div.sc-fuISkM.cpwVzr]: invalid element state\nScreenshot: file:/Users/damianrudzki/Projects/Hostaway/Technical_Assignment_DR/build/reports/tests/1684480140445.0.png\nPage source: file:/Users/damianrudzki/Projects/Hostaway/Technical_Assignment_DR/build/reports/tests/1684480140445.0.html\nTimeout: 4 s.\nCaused by: InvalidElementStateException: invalid element state","trace":"Invalid element state [div.sc-fuISkM.cpwVzr]: invalid element state\nScreenshot: file:/Users/damianrudzki/Projects/Hostaway/Technical_Assignment_DR/build/reports/tests/1684480140445.0.png\nPage source: file:/Users/damianrudzki/Projects/Hostaway/Technical_Assignment_DR/build/reports/tests/1684480140445.0.html\nTimeout: 4 s.\nCaused by: InvalidElementStateException: invalid element state\n\tat com.codeborne.selenide.impl.ExceptionWrapper.wrap(ExceptionWrapper.java:26)\n\tat com.codeborne.selenide.impl.SelenideElementProxy.dispatchAndRetry(SelenideElementProxy.java:154)\n\tat com.codeborne.selenide.impl.SelenideElementProxy.invoke(SelenideElementProxy.java:84)\n\tat com.sun.proxy.$Proxy21.setValue(Unknown Source)\n\tat com.hostaway.pages.SearchPage.pickCheckInDate(SearchPage.java:19)\n\tat com.hostaway.tests.FiltersFormTests.testPriceRange(FiltersFormTests.java:28)\n\tat java.base/jdk.internal.reflect.NativeMethodAccessorImpl.invoke0(Native Method)\n\tat java.base/jdk.internal.reflect.NativeMethodAccessorImpl.invoke(NativeMethodAccessorImpl.java:62)\n\tat java.base/jdk.internal.reflect.DelegatingMethodAccessorImpl.invoke(DelegatingMethodAccessorImpl.java:43)\n\tat java.base/java.lang.reflect.Method.invoke(Method.java:566)\n\tat org.testng.internal.invokers.MethodInvocationHelper.invokeMethod(MethodInvocationHelper.java:139)\n\tat org.testng.internal.invokers.TestInvoker.invokeMethod(TestInvoker.java:677)\n\tat org.testng.internal.invokers.TestInvoker.invokeTestMethod(TestInvoker.java:221)\n\tat org.testng.internal.invokers.MethodRunner.runInSequence(MethodRunner.java:50)\n\tat org.testng.internal.invokers.TestInvoker$MethodInvocationAgent.invoke(TestInvoker.java:969)\n\tat org.testng.internal.invokers.TestInvoker.invokeTestMethods(TestInvoker.java:194)\n\tat org.testng.internal.invokers.TestMethodWorker.invokeTestMethods(TestMethodWorker.java:148)\n\tat org.testng.internal.invokers.TestMethodWorker.run(TestMethodWorker.java:128)\n\tat java.base/java.util.ArrayList.forEach(ArrayList.java:1541)\n\tat org.testng.TestRunner.privateRun(TestRunner.java:829)\n\tat org.testng.TestRunner.run(TestRunner.java:602)\n\tat org.testng.SuiteRunner.runTest(SuiteRunner.java:437)\n\tat org.testng.SuiteRunner.runSequentially(SuiteRunner.java:431)\n\tat org.testng.SuiteRunner.privateRun(SuiteRunner.java:391)\n\tat org.testng.SuiteRunner.run(SuiteRunner.java:330)\n\tat org.testng.SuiteRunnerWorker.runSuite(SuiteRunnerWorker.java:52)\n\tat org.testng.SuiteRunnerWorker.run(SuiteRunnerWorker.java:95)\n\tat org.testng.TestNG.runSuitesSequentially(TestNG.java:1256)\n\tat org.testng.TestNG.runSuitesLocally(TestNG.java:1176)\n\tat org.testng.TestNG.runSuites(TestNG.java:1099)\n\tat org.testng.TestNG.run(TestNG.java:1067)\n\tat com.intellij.rt.testng.IDEARemoteTestNG.run(IDEARemoteTestNG.java:66)\n\tat com.intellij.rt.testng.RemoteTestNGStarter.main(RemoteTestNGStarter.java:109)\nCaused by: org.openqa.selenium.InvalidElementStateException: invalid element state\n  (Session info: chrome=113.0.5672.126)\nBuild info: version: '4.9.1', revision: 'eb2032df7f'\nSystem info: os.name: 'Mac OS X', os.arch: 'x86_64', os.version: '12.6', java.version: '11.0.17'\nDriver info: org.openqa.selenium.chrome.ChromeDriver\nCommand: [b0cfa459bb3c0b7943ab198d5856450c, clearElement {id=E905CEBE92F65498BEE74D8B4DF65378_element_41}]\nCapabilities {acceptInsecureCerts: true, browserName: chrome, browserVersion: 113.0.5672.126, chrome: {chromedriverVersion: 113.0.5672.63 (0e1a4471d5ae..., userDataDir: /var/folders/g4/zt92gl1d10n...}, goog:chromeOptions: {debuggerAddress: localhost:56259}, networkConnectionEnabled: false, pageLoadStrategy: normal, platformName: mac, proxy: Proxy(), se:cdp: ws://localhost:56259/devtoo..., se:cdpVersion: 113.0.5672.126, setWindowRect: true, strictFileInteractability: false, timeouts: {implicit: 0, pageLoad: 300000, script: 30000}, unhandledPromptBehavior: accept, webauthn:extension:credBlob: true, webauthn:extension:largeBlob: true, webauthn:extension:minPinLength: true, webauthn:extension:prf: true, webauthn:virtualAuthenticators: true}\nElement: [[ChromeDriver: chrome on mac (b0cfa459bb3c0b7943ab198d5856450c)] -> css selector: div.sc-fuISkM.cpwVzr]\nSession ID: b0cfa459bb3c0b7943ab198d5856450c\n\tat java.base/jdk.internal.reflect.NativeConstructorAccessorImpl.newInstance0(Native Method)\n\tat java.base/jdk.internal.reflect.NativeConstructorAccessorImpl.newInstance(NativeConstructorAccessorImpl.java:62)\n\tat java.base/jdk.internal.reflect.DelegatingConstructorAccessorImpl.newInstance(DelegatingConstructorAccessorImpl.java:45)\n\tat java.base/java.lang.reflect.Constructor.newInstance(Constructor.java:490)\n\tat org.openqa.selenium.remote.codec.w3c.W3CHttpResponseCodec.createException(W3CHttpResponseCodec.java:200)\n\tat org.openqa.selenium.remote.codec.w3c.W3CHttpResponseCodec.decode(W3CHttpResponseCodec.java:133)\n\tat org.openqa.selenium.remote.codec.w3c.W3CHttpResponseCodec.decode(W3CHttpResponseCodec.java:53)\n\tat org.openqa.selenium.remote.HttpCommandExecutor.execute(HttpCommandExecutor.java:193)\n\tat org.openqa.selenium.remote.service.DriverCommandExecutor.invokeExecute(DriverCommandExecutor.java:183)\n\tat org.openqa.selenium.remote.service.DriverCommandExecutor.execute(DriverCommandExecutor.java:158)\n\tat org.openqa.selenium.remote.RemoteWebDriver.execute(RemoteWebDriver.java:543)\n\tat org.openqa.selenium.remote.RemoteWebElement.execute(RemoteWebElement.java:257)\n\tat org.openqa.selenium.remote.RemoteWebElement.clear(RemoteWebElement.java:132)\n\tat com.codeborne.selenide.commands.Clear.clear(Clear.java:72)\n\tat com.codeborne.selenide.commands.SetValue.setValueForTextInput(SetValue.java:70)\n\tat com.codeborne.selenide.commands.SetValue.execute(SetValue.java:43)\n\tat com.codeborne.selenide.commands.SetValue.execute(SetValue.java:25)\n\tat com.codeborne.selenide.commands.Commands.execute(Commands.java:162)\n\tat com.codeborne.selenide.impl.SelenideElementProxy.dispatchAndRetry(SelenideElementProxy.java:132)\n\t... 31 more\n"},"stage":"finished","description":"This test verifies the functionality of the price range filter","steps":[],"attachments":[],"parameters":[],"start":1684480104169,"stop":1684480141544}